Flow report for Open_JTAG
Sun Jan 09 12:41:02 2011
Quartus II Version 9.1 Build 350 03/24/2010 Service Pack 2 SJ Web Edition


---------------------
; Table of Contents ;
---------------------
  1. Legal Notice
  2. Flow Summary
  3. Flow Settings
  4. Flow Non-Default Global Settings
  5. Flow Elapsed Time
  6. Flow OS Summary
  7. Flow Log



----------------
; Legal Notice ;
----------------
Copyright (C) 1991-2010 Altera Corporation
Your use of Altera Corporation's design tools, logic functions 
and other software and tools, and its AMPP partner logic 
functions, and any output files from any of the foregoing 
(including device programming or simulation files), and any 
associated documentation or information are expressly subject 
to the terms and conditions of the Altera Program License 
Subscription Agreement, Altera MegaCore Function License 
Agreement, or other applicable license agreement, including, 
without limitation, that your use is for the sole purpose of 
programming logic devices manufactured by Altera and sold by 
Altera or its authorized distributors.  Please refer to the 
applicable agreement for further details.



+------------------------------------------------------------------------+
; Flow Summary                                                           ;
+-------------------------+----------------------------------------------+
; Flow Status             ; Successful - Sun Jan 09 12:41:02 2011        ;
; Quartus II Version      ; 9.1 Build 350 03/24/2010 SP 2 SJ Web Edition ;
; Revision Name           ; Open_JTAG                                    ;
; Top-level Entity Name   ; Open_JTAG                                    ;
; Family                  ; MAX II                                       ;
; Device                  ; EPM570T100C5                                 ;
; Timing Models           ; Final                                        ;
; Met timing requirements ; Yes                                          ;
; Total logic elements    ; 341 / 570 ( 60 % )                           ;
; Total pins              ; 24 / 76 ( 32 % )                             ;
; Total virtual pins      ; 0                                            ;
; UFM blocks              ; 0 / 1 ( 0 % )                                ;
+-------------------------+----------------------------------------------+


+-----------------------------------------+
; Flow Settings                           ;
+-------------------+---------------------+
; Option            ; Setting             ;
+-------------------+---------------------+
; Start date & time ; 01/09/2011 12:40:50 ;
; Main task         ; Compilation         ;
; Revision Name     ; Open_JTAG           ;
+-------------------+---------------------+


+------------------------------------------------------------------------------------------------------------------------------------+
; Flow Non-Default Global Settings                                                                                                   ;
+---------------------------------------+---------------------------------------------+---------------+-------------+----------------+
; Assignment Name                       ; Value                                       ; Default Value ; Entity Name ; Section Id     ;
+---------------------------------------+---------------------------------------------+---------------+-------------+----------------+
; COMPILER_SIGNATURE_ID                 ; 131206936082.129457325002492                ; --            ; --          ; --             ;
; MAX_CORE_JUNCTION_TEMP                ; 85                                          ; --            ; --          ; --             ;
; MIN_CORE_JUNCTION_TEMP                ; 0                                           ; --            ; --          ; --             ;
; MISC_FILE                             ; C:/AlteraWorks/91/Open JTAG/Open_JTAG.dpf   ; --            ; --          ; --             ;
; MISC_FILE                             ; C:/AlteraWorks/91/NewOpenJtag/Open_JTAG.dpf ; --            ; --          ; --             ;
; POWER_EXT_SUPPLY_VOLTAGE_TO_REGULATOR ; 3.3V                                        ; --            ; --          ; --             ;
; USE_GENERATED_PHYSICAL_CONSTRAINTS    ; Off                                         ; --            ; --          ; eda_blast_fpga ;
+---------------------------------------+---------------------------------------------+---------------+-------------+----------------+


+-----------------------------------------------------------------------------------------------------------------------------+
; Flow Elapsed Time                                                                                                           ;
+-------------------------+--------------+-------------------------+---------------------+------------------------------------+
; Module Name             ; Elapsed Time ; Average Processors Used ; Peak Virtual Memory ; Total CPU Time (on all processors) ;
+-------------------------+--------------+-------------------------+---------------------+------------------------------------+
; Analysis & Synthesis    ; 00:00:06     ; 1.0                     ; 187 MB              ; 00:00:06                           ;
; Fitter                  ; 00:00:02     ; 1.0                     ; 178 MB              ; 00:00:02                           ;
; Assembler               ; 00:00:00     ; 1.0                     ; 142 MB              ; 00:00:01                           ;
; Classic Timing Analyzer ; 00:00:01     ; 1.0                     ; 126 MB              ; 00:00:01                           ;
; Total                   ; 00:00:09     ; --                      ; --                  ; 00:00:10                           ;
+-------------------------+--------------+-------------------------+---------------------+------------------------------------+


+---------------------------------------------------------------------------------------+
; Flow OS Summary                                                                       ;
+-------------------------+------------------+------------+------------+----------------+
; Module Name             ; Machine Hostname ; OS Name    ; OS Version ; Processor type ;
+-------------------------+------------------+------------+------------+----------------+
; Analysis & Synthesis    ; vaffanculo       ; Windows XP ; 5.1        ; i686           ;
; Fitter                  ; vaffanculo       ; Windows XP ; 5.1        ; i686           ;
; Assembler               ; vaffanculo       ; Windows XP ; 5.1        ; i686           ;
; Classic Timing Analyzer ; vaffanculo       ; Windows XP ; 5.1        ; i686           ;
+-------------------------+------------------+------------+------------+----------------+


------------
; Flow Log ;
------------
quartus_map --read_settings_files=on --write_settings_files=off Open_JTAG -c Open_JTAG
quartus_fit --read_settings_files=off --write_settings_files=off Open_JTAG -c Open_JTAG
quartus_asm --read_settings_files=off --write_settings_files=off Open_JTAG -c Open_JTAG
quartus_tan --read_settings_files=off --write_settings_files=off Open_JTAG -c Open_JTAG



