Fitter report for Open_JTAG
Sun Jan 09 12:40:59 2011
Quartus II Version 9.1 Build 350 03/24/2010 Service Pack 2 SJ Web Edition


---------------------
; Table of Contents ;
---------------------
  1. Legal Notice
  2. Fitter Summary
  3. Fitter Settings
  4. Parallel Compilation
  5. Pin-Out File
  6. Fitter Resource Usage Summary
  7. Input Pins
  8. Output Pins
  9. Bidir Pins
 10. I/O Bank Usage
 11. All Package Pins
 12. Output Pin Default Load For Reported TCO
 13. Fitter Resource Utilization by Entity
 14. Delay Chain Summary
 15. Control Signals
 16. Global & Other Fast Signals
 17. Non-Global High Fan-Out Signals
 18. Interconnect Usage Summary
 19. LAB Logic Elements
 20. LAB-wide Signals
 21. LAB Signals Sourced
 22. LAB Signals Sourced Out
 23. LAB Distinct Inputs
 24. Fitter Device Options
 25. Estimated Delay Added for Hold Timing
 26. Fitter Messages
 27. Fitter Suppressed Messages



----------------
; Legal Notice ;
----------------
Copyright (C) 1991-2010 Altera Corporation
Your use of Altera Corporation's design tools, logic functions 
and other software and tools, and its AMPP partner logic 
functions, and any output files from any of the foregoing 
(including device programming or simulation files), and any 
associated documentation or information are expressly subject 
to the terms and conditions of the Altera Program License 
Subscription Agreement, Altera MegaCore Function License 
Agreement, or other applicable license agreement, including, 
without limitation, that your use is for the sole purpose of 
programming logic devices manufactured by Altera and sold by 
Altera or its authorized distributors.  Please refer to the 
applicable agreement for further details.



+----------------------------------------------------------------------+
; Fitter Summary                                                       ;
+-----------------------+----------------------------------------------+
; Fitter Status         ; Successful - Sun Jan 09 12:40:59 2011        ;
; Quartus II Version    ; 9.1 Build 350 03/24/2010 SP 2 SJ Web Edition ;
; Revision Name         ; Open_JTAG                                    ;
; Top-level Entity Name ; Open_JTAG                                    ;
; Family                ; MAX II                                       ;
; Device                ; EPM570T100C5                                 ;
; Timing Models         ; Final                                        ;
; Total logic elements  ; 341 / 570 ( 60 % )                           ;
; Total pins            ; 24 / 76 ( 32 % )                             ;
; Total virtual pins    ; 0                                            ;
; UFM blocks            ; 0 / 1 ( 0 % )                                ;
+-----------------------+----------------------------------------------+


+----------------------------------------------------------------------------------------------------------------------------------------------+
; Fitter Settings                                                                                                                              ;
+----------------------------------------------------------------------------+--------------------------------+--------------------------------+
; Option                                                                     ; Setting                        ; Default Value                  ;
+----------------------------------------------------------------------------+--------------------------------+--------------------------------+
; Device                                                                     ; EPM570T100C5                   ;                                ;
; Minimum Core Junction Temperature                                          ; 0                              ;                                ;
; Maximum Core Junction Temperature                                          ; 85                             ;                                ;
; Fit Attempts to Skip                                                       ; 0                              ; 0.0                            ;
; Device I/O Standard                                                        ; 3.3-V LVTTL                    ;                                ;
; Use smart compilation                                                      ; Off                            ; Off                            ;
; Enable parallel Assembler and TimeQuest Timing Analyzer during compilation ; On                             ; On                             ;
; Enable compact report table                                                ; Off                            ; Off                            ;
; Use TimeQuest Timing Analyzer                                              ; Off                            ; Off                            ;
; Router Timing Optimization Level                                           ; Normal                         ; Normal                         ;
; Placement Effort Multiplier                                                ; 1.0                            ; 1.0                            ;
; Router Effort Multiplier                                                   ; 1.0                            ; 1.0                            ;
; Always Enable Input Buffers                                                ; Off                            ; Off                            ;
; Optimize Hold Timing                                                       ; IO Paths and Minimum TPD Paths ; IO Paths and Minimum TPD Paths ;
; Optimize Multi-Corner Timing                                               ; Off                            ; Off                            ;
; Guarantee I/O Paths Have Zero Hold Time at Fast Corner                     ; On                             ; On                             ;
; PowerPlay Power Optimization                                               ; Normal compilation             ; Normal compilation             ;
; Optimize Timing                                                            ; Normal compilation             ; Normal compilation             ;
; Optimize Timing for ECOs                                                   ; Off                            ; Off                            ;
; Regenerate full fit report during ECO compiles                             ; Off                            ; Off                            ;
; Optimize IOC Register Placement for Timing                                 ; On                             ; On                             ;
; Limit to One Fitting Attempt                                               ; Off                            ; Off                            ;
; Final Placement Optimizations                                              ; Automatically                  ; Automatically                  ;
; Fitter Aggressive Routability Optimizations                                ; Automatically                  ; Automatically                  ;
; Fitter Initial Placement Seed                                              ; 1                              ; 1                              ;
; Slow Slew Rate                                                             ; Off                            ; Off                            ;
; PCI I/O                                                                    ; Off                            ; Off                            ;
; Weak Pull-Up Resistor                                                      ; Off                            ; Off                            ;
; Enable Bus-Hold Circuitry                                                  ; Off                            ; Off                            ;
; Auto Delay Chains                                                          ; On                             ; On                             ;
; Perform Physical Synthesis for Combinational Logic for Performance         ; Off                            ; Off                            ;
; Perform Register Duplication for Performance                               ; Off                            ; Off                            ;
; Perform Register Retiming for Performance                                  ; Off                            ; Off                            ;
; Perform Asynchronous Signal Pipelining                                     ; Off                            ; Off                            ;
; Fitter Effort                                                              ; Auto Fit                       ; Auto Fit                       ;
; Physical Synthesis Effort Level                                            ; Normal                         ; Normal                         ;
; Logic Cell Insertion - Logic Duplication                                   ; Auto                           ; Auto                           ;
; Auto Register Duplication                                                  ; Auto                           ; Auto                           ;
; Auto Global Clock                                                          ; On                             ; On                             ;
; Auto Global Register Control Signals                                       ; On                             ; On                             ;
; Stop After Congestion Map Generation                                       ; Off                            ; Off                            ;
; Save Intermediate Fitting Results                                          ; Off                            ; Off                            ;
; Force Fitter to Avoid Periphery Placement Warnings                         ; Off                            ; Off                            ;
; Use Best Effort Settings for Compilation                                   ; Off                            ; Off                            ;
+----------------------------------------------------------------------------+--------------------------------+--------------------------------+


Parallel compilation was disabled, but you have multiple processors available. Enable parallel compilation to reduce compilation time.
+-------------------------------------+
; Parallel Compilation                ;
+----------------------------+--------+
; Processors                 ; Number ;
+----------------------------+--------+
; Number detected on machine ; 4      ;
; Maximum allowed            ; 1      ;
+----------------------------+--------+


+--------------+
; Pin-Out File ;
+--------------+
The pin-out file can be found in C:/AlteraWorks/91/NewOpenJtag/Open_JTAG.pin.


+---------------------------------------------------------------------------+
; Fitter Resource Usage Summary                                             ;
+---------------------------------------------+-----------------------------+
; Resource                                    ; Usage                       ;
+---------------------------------------------+-----------------------------+
; Total logic elements                        ; 341 / 570 ( 60 % )          ;
;     -- Combinational with no register       ; 256                         ;
;     -- Register only                        ; 16                          ;
;     -- Combinational with a register        ; 69                          ;
;                                             ;                             ;
; Logic element usage by number of LUT inputs ;                             ;
;     -- 4 input functions                    ; 209                         ;
;     -- 3 input functions                    ; 57                          ;
;     -- 2 input functions                    ; 42                          ;
;     -- 1 input functions                    ; 16                          ;
;     -- 0 input functions                    ; 1                           ;
;                                             ;                             ;
; Logic elements by mode                      ;                             ;
;     -- normal mode                          ; 326                         ;
;     -- arithmetic mode                      ; 15                          ;
;     -- qfbk mode                            ; 4                           ;
;     -- register cascade mode                ; 0                           ;
;     -- synchronous clear/load mode          ; 25                          ;
;     -- asynchronous clear/load mode         ; 15                          ;
;                                             ;                             ;
; Total registers                             ; 85 / 570 ( 15 % )           ;
; Total LABs                                  ; 38 / 57 ( 67 % )            ;
; Logic elements in carry chains              ; 18                          ;
; User inserted logic elements                ; 0                           ;
; Virtual pins                                ; 0                           ;
; I/O pins                                    ; 24 / 76 ( 32 % )            ;
;     -- Clock pins                           ; 1 / 4 ( 25 % )              ;
; Global signals                              ; 3                           ;
; UFM blocks                                  ; 0 / 1 ( 0 % )               ;
; Global clocks                               ; 3 / 4 ( 75 % )              ;
; JTAGs                                       ; 0 / 1 ( 0 % )               ;
; Average interconnect usage (total/H/V)      ; 25% / 31% / 18%             ;
; Peak interconnect usage (total/H/V)         ; 25% / 31% / 18%             ;
; Maximum fan-out node                        ; clock_mux:inst1|wcks        ;
; Maximum fan-out                             ; 72                          ;
; Highest non-global fan-out signal           ; serializer:inst|sm_state[2] ;
; Highest non-global fan-out                  ; 69                          ;
; Total fan-out                               ; 1342                        ;
; Average fan-out                             ; 3.68                        ;
+---------------------------------------------+-----------------------------+


+-------------------------------------------------------------------------------------------------------------------------------------------------------------------------------------------------------------+
; Input Pins                                                                                                                                                                                                  ;
+------+-------+----------+--------------+--------------+-------------+-----------------------+--------------------+--------+-----------------+----------+--------------+--------------+----------------------+
; Name ; Pin # ; I/O Bank ; X coordinate ; Y coordinate ; Cell number ; Combinational Fan-Out ; Registered Fan-Out ; Global ; PCI I/O Enabled ; Bus Hold ; Weak Pull Up ; I/O Standard ; Location assigned by ;
+------+-------+----------+--------------+--------------+-------------+-----------------------+--------------------+--------+-----------------+----------+--------------+--------------+----------------------+
; clk  ; 12    ; 1        ; 0            ; 5            ; 0           ; 14                    ; 0                  ; yes    ; no              ; no       ; Off          ; 3.3-V LVTTL  ; User                 ;
; pwr  ; 40    ; 1        ; 7            ; 3            ; 2           ; 1                     ; 0                  ; no     ; no              ; no       ; Off          ; 3.3-V LVTTL  ; User                 ;
; rst  ; 21    ; 1        ; 1            ; 3            ; 1           ; 29                    ; 0                  ; yes    ; no              ; no       ; Off          ; 3.3-V LVTTL  ; User                 ;
; rxf  ; 19    ; 1        ; 0            ; 4            ; 5           ; 1                     ; 0                  ; no     ; no              ; no       ; Off          ; 3.3-V LVTTL  ; User                 ;
; tdo  ; 50    ; 1        ; 11           ; 0            ; 2           ; 2                     ; 0                  ; no     ; no              ; no       ; Off          ; 3.3-V LVTTL  ; User                 ;
; txe  ; 18    ; 1        ; 0            ; 5            ; 5           ; 3                     ; 0                  ; no     ; no              ; no       ; Off          ; 3.3-V LVTTL  ; User                 ;
+------+-------+----------+--------------+--------------+-------------+-----------------------+--------------------+--------+-----------------+----------+--------------+--------------+----------------------+


+------------------------------------------------------------------------------------------------------------------------------------------------------------------------------------------------------------------------------------------------------------------------------------------------------------------------+
; Output Pins                                                                                                                                                                                                                                                                                                            ;
+------+-------+----------+--------------+--------------+-------------+-----------------+----------------+-----------------+------------+---------------+----------+--------------+--------------+------------------+------------------------+----------------------+-------+----------------------+---------------------+
; Name ; Pin # ; I/O Bank ; X coordinate ; Y coordinate ; Cell number ; Output Register ; Slow Slew Rate ; PCI I/O Enabled ; Open Drain ; TRI Primitive ; Bus Hold ; Weak Pull Up ; I/O Standard ; Current Strength ; Fast Output Connection ; Location assigned by ; Load  ; Output Enable Source ; Output Enable Group ;
+------+-------+----------+--------------+--------------+-------------+-----------------+----------------+-----------------+------------+---------------+----------+--------------+--------------+------------------+------------------------+----------------------+-------+----------------------+---------------------+
; led1 ; 38    ; 1        ; 7            ; 3            ; 3           ; no              ; no             ; no              ; no         ; no            ; no       ; Off          ; 3.3-V LVTTL  ; 16mA             ; no                     ; User                 ; 10 pF ; -                    ; -                   ;
; led2 ; 36    ; 1        ; 6            ; 3            ; 0           ; no              ; no             ; no              ; no         ; no            ; no       ; Off          ; 3.3-V LVTTL  ; 16mA             ; no                     ; User                 ; 10 pF ; -                    ; -                   ;
; rd   ; 16    ; 1        ; 0            ; 5            ; 3           ; no              ; no             ; no              ; no         ; no            ; no       ; Off          ; 3.3-V LVTTL  ; 16mA             ; no                     ; User                 ; 10 pF ; -                    ; -                   ;
; tck  ; 51    ; 1        ; 12           ; 0            ; 2           ; no              ; no             ; no              ; no         ; no            ; no       ; Off          ; 3.3-V LVCMOS ; 8mA              ; no                     ; User                 ; 10 pF ; -                    ; -                   ;
; tdi  ; 47    ; 1        ; 10           ; 0            ; 2           ; no              ; no             ; no              ; no         ; no            ; no       ; Off          ; 3.3-V LVCMOS ; 8mA              ; no                     ; User                 ; 10 pF ; -                    ; -                   ;
; test ; 27    ; 1        ; 3            ; 3            ; 1           ; no              ; no             ; no              ; no         ; no            ; no       ; Off          ; 3.3-V LVTTL  ; 16mA             ; no                     ; User                 ; 10 pF ; -                    ; -                   ;
; tms  ; 49    ; 1        ; 10           ; 0            ; 0           ; no              ; no             ; no              ; no         ; no            ; no       ; Off          ; 3.3-V LVCMOS ; 8mA              ; no                     ; User                 ; 10 pF ; -                    ; -                   ;
; trst ; 41    ; 1        ; 7            ; 3            ; 1           ; no              ; no             ; no              ; no         ; no            ; no       ; Off          ; 3.3-V LVCMOS ; 8mA              ; no                     ; User                 ; 10 pF ; -                    ; -                   ;
; wcks ; 26    ; 1        ; 3            ; 3            ; 2           ; no              ; no             ; no              ; no         ; no            ; no       ; Off          ; 3.3-V LVTTL  ; 16mA             ; no                     ; User                 ; 10 pF ; -                    ; -                   ;
; wr   ; 17    ; 1        ; 0            ; 5            ; 4           ; no              ; no             ; no              ; no         ; no            ; no       ; Off          ; 3.3-V LVTTL  ; 16mA             ; no                     ; User                 ; 10 pF ; -                    ; -                   ;
+------+-------+----------+--------------+--------------+-------------+-----------------+----------------+-----------------+------------+---------------+----------+--------------+--------------+------------------+------------------------+----------------------+-------+----------------------+---------------------+


+-------------------------------------------------------------------------------------------------------------------------------------------------------------------------------------------------------------------------------------------------------------------------------------------------------------------------------------------------------------------+
; Bidir Pins                                                                                                                                                                                                                                                                                                                                                        ;
+-------+-------+----------+--------------+--------------+-------------+-----------------------+--------------------+--------+-----------------+----------------+-----------------+------------+----------+--------------+--------------+------------------+------------------------+----------------------+-------+--------------------------+---------------------+
; Name  ; Pin # ; I/O Bank ; X coordinate ; Y coordinate ; Cell number ; Combinational Fan-Out ; Registered Fan-Out ; Global ; Output Register ; Slow Slew Rate ; PCI I/O Enabled ; Open Drain ; Bus Hold ; Weak Pull Up ; I/O Standard ; Current Strength ; Fast Output Connection ; Location assigned by ; Load  ; Output Enable Source     ; Output Enable Group ;
+-------+-------+----------+--------------+--------------+-------------+-----------------------+--------------------+--------+-----------------+----------------+-----------------+------------+----------+--------------+--------------+------------------+------------------------+----------------------+-------+--------------------------+---------------------+
; db[0] ; 2     ; 1        ; 1            ; 8            ; 0           ; 1                     ; 0                  ; no     ; no              ; no             ; no              ; no         ; no       ; Off          ; 3.3-V LVTTL  ; 16mA             ; no                     ; User                 ; 10 pF ; serializer:inst|db[0]~en ; -                   ;
; db[1] ; 3     ; 1        ; 1            ; 8            ; 2           ; 1                     ; 0                  ; no     ; no              ; no             ; no              ; no         ; no       ; Off          ; 3.3-V LVTTL  ; 16mA             ; no                     ; User                 ; 10 pF ; serializer:inst|db[1]~en ; -                   ;
; db[2] ; 4     ; 1        ; 0            ; 7            ; 0           ; 1                     ; 0                  ; no     ; no              ; no             ; no              ; no         ; no       ; Off          ; 3.3-V LVTTL  ; 16mA             ; no                     ; User                 ; 10 pF ; serializer:inst|db[2]~en ; -                   ;
; db[3] ; 5     ; 1        ; 0            ; 7            ; 2           ; 1                     ; 0                  ; no     ; no              ; no             ; no              ; no         ; no       ; Off          ; 3.3-V LVTTL  ; 16mA             ; no                     ; User                 ; 10 pF ; serializer:inst|db[3]~en ; -                   ;
; db[4] ; 6     ; 1        ; 0            ; 7            ; 3           ; 1                     ; 0                  ; no     ; no              ; no             ; no              ; no         ; no       ; Off          ; 3.3-V LVTTL  ; 16mA             ; no                     ; User                 ; 10 pF ; serializer:inst|db[4]~en ; -                   ;
; db[5] ; 7     ; 1        ; 0            ; 7            ; 4           ; 1                     ; 0                  ; no     ; no              ; no             ; no              ; no         ; no       ; Off          ; 3.3-V LVTTL  ; 16mA             ; no                     ; User                 ; 10 pF ; serializer:inst|db[5]~en ; -                   ;
; db[6] ; 8     ; 1        ; 0            ; 7            ; 5           ; 1                     ; 0                  ; no     ; no              ; no             ; no              ; no         ; no       ; Off          ; 3.3-V LVTTL  ; 16mA             ; no                     ; User                 ; 10 pF ; serializer:inst|db[6]~en ; -                   ;
; db[7] ; 15    ; 1        ; 0            ; 5            ; 2           ; 1                     ; 0                  ; no     ; no              ; no             ; no              ; no         ; no       ; Off          ; 3.3-V LVTTL  ; 16mA             ; no                     ; User                 ; 10 pF ; serializer:inst|db[7]~en ; -                   ;
+-------+-------+----------+--------------+--------------+-------------+-----------------------+--------------------+--------+-----------------+----------------+-----------------+------------+----------+--------------+--------------+------------------+------------------------+----------------------+-------+--------------------------+---------------------+


+------------------------------------------------------------+
; I/O Bank Usage                                             ;
+----------+------------------+---------------+--------------+
; I/O Bank ; Usage            ; VCCIO Voltage ; VREF Voltage ;
+----------+------------------+---------------+--------------+
; 1        ; 24 / 36 ( 67 % ) ; 3.3V          ; --           ;
; 2        ; 0 / 40 ( 0 % )   ; 3.3V          ; --           ;
+----------+------------------+---------------+--------------+


+------------------------------------------------------------------------------------------------------------------------------------------------+
; All Package Pins                                                                                                                               ;
+----------+------------+----------+----------------+--------+--------------+-----------+------------+-----------------+----------+--------------+
; Location ; Pad Number ; I/O Bank ; Pin Name/Usage ; Dir.   ; I/O Standard ; Voltage   ; I/O Type   ; User Assignment ; Bus Hold ; Weak Pull Up ;
+----------+------------+----------+----------------+--------+--------------+-----------+------------+-----------------+----------+--------------+
; 1        ; 161        ; 2        ; RESERVED_INPUT ;        ;              ;           ; Column I/O ;                 ; no       ; Off          ;
; 2        ; 2          ; 1        ; db[0]          ; bidir  ; 3.3-V LVTTL  ;           ; Column I/O ; Y               ; no       ; Off          ;
; 3        ; 4          ; 1        ; db[1]          ; bidir  ; 3.3-V LVTTL  ;           ; Column I/O ; Y               ; no       ; Off          ;
; 4        ; 6          ; 1        ; db[2]          ; bidir  ; 3.3-V LVTTL  ;           ; Row I/O    ; Y               ; no       ; Off          ;
; 5        ; 8          ; 1        ; db[3]          ; bidir  ; 3.3-V LVTTL  ;           ; Row I/O    ; Y               ; no       ; Off          ;
; 6        ; 9          ; 1        ; db[4]          ; bidir  ; 3.3-V LVTTL  ;           ; Row I/O    ; Y               ; no       ; Off          ;
; 7        ; 10         ; 1        ; db[5]          ; bidir  ; 3.3-V LVTTL  ;           ; Row I/O    ; Y               ; no       ; Off          ;
; 8        ; 11         ; 1        ; db[6]          ; bidir  ; 3.3-V LVTTL  ;           ; Row I/O    ; Y               ; no       ; Off          ;
; 9        ;            ; 1        ; VCCIO1         ; power  ;              ; 3.3V      ; --         ;                 ; --       ; --           ;
; 10       ;            ;          ; GNDIO          ; gnd    ;              ;           ; --         ;                 ; --       ; --           ;
; 11       ;            ;          ; GNDINT         ; gnd    ;              ;           ; --         ;                 ; --       ; --           ;
; 12       ; 20         ; 1        ; clk            ; input  ; 3.3-V LVTTL  ;           ; Row I/O    ; Y               ; no       ; Off          ;
; 13       ;            ;          ; VCCINT         ; power  ;              ; 2.5V/3.3V ; --         ;                 ; --       ; --           ;
; 14       ; 21         ; 1        ; RESERVED_INPUT ;        ;              ;           ; Row I/O    ;                 ; no       ; Off          ;
; 15       ; 22         ; 1        ; db[7]          ; bidir  ; 3.3-V LVTTL  ;           ; Row I/O    ; Y               ; no       ; Off          ;
; 16       ; 23         ; 1        ; rd             ; output ; 3.3-V LVTTL  ;           ; Row I/O    ; Y               ; no       ; Off          ;
; 17       ; 24         ; 1        ; wr             ; output ; 3.3-V LVTTL  ;           ; Row I/O    ; Y               ; no       ; Off          ;
; 18       ; 25         ; 1        ; txe            ; input  ; 3.3-V LVTTL  ;           ; Row I/O    ; Y               ; no       ; Off          ;
; 19       ; 32         ; 1        ; rxf            ; input  ; 3.3-V LVTTL  ;           ; Row I/O    ; Y               ; no       ; Off          ;
; 20       ; 34         ; 1        ; RESERVED_INPUT ;        ;              ;           ; Column I/O ;                 ; no       ; Off          ;
; 21       ; 36         ; 1        ; rst            ; input  ; 3.3-V LVTTL  ;           ; Column I/O ; Y               ; no       ; Off          ;
; 22       ; 38         ; 1        ; #TMS           ; input  ;              ;           ; --         ;                 ; --       ; --           ;
; 23       ; 39         ; 1        ; #TDI           ; input  ;              ;           ; --         ;                 ; --       ; --           ;
; 24       ; 40         ; 1        ; #TCK           ; input  ;              ;           ; --         ;                 ; --       ; --           ;
; 25       ; 41         ; 1        ; #TDO           ; output ;              ;           ; --         ;                 ; --       ; --           ;
; 26       ; 47         ; 1        ; wcks           ; output ; 3.3-V LVTTL  ;           ; Column I/O ; Y               ; no       ; Off          ;
; 27       ; 48         ; 1        ; test           ; output ; 3.3-V LVTTL  ;           ; Column I/O ; Y               ; no       ; Off          ;
; 28       ; 50         ; 1        ; RESERVED_INPUT ;        ;              ;           ; Column I/O ;                 ; no       ; Off          ;
; 29       ; 51         ; 1        ; RESERVED_INPUT ;        ;              ;           ; Column I/O ;                 ; no       ; Off          ;
; 30       ; 52         ; 1        ; RESERVED_INPUT ;        ;              ;           ; Column I/O ;                 ; no       ; Off          ;
; 31       ;            ; 1        ; VCCIO1         ; power  ;              ; 3.3V      ; --         ;                 ; --       ; --           ;
; 32       ;            ;          ; GNDIO          ; gnd    ;              ;           ; --         ;                 ; --       ; --           ;
; 33       ; 58         ; 1        ; RESERVED_INPUT ;        ;              ;           ; Column I/O ;                 ; no       ; Off          ;
; 34       ; 59         ; 1        ; RESERVED_INPUT ;        ;              ;           ; Column I/O ;                 ; no       ; Off          ;
; 35       ; 60         ; 1        ; RESERVED_INPUT ;        ;              ;           ; Column I/O ;                 ; no       ; Off          ;
; 36       ; 61         ; 1        ; led2           ; output ; 3.3-V LVTTL  ;           ; Column I/O ; Y               ; no       ; Off          ;
; 37       ;            ;          ; GNDINT         ; gnd    ;              ;           ; --         ;                 ; --       ; --           ;
; 38       ; 62         ; 1        ; led1           ; output ; 3.3-V LVTTL  ;           ; Column I/O ; Y               ; no       ; Off          ;
; 39       ;            ;          ; VCCINT         ; power  ;              ; 2.5V/3.3V ; --         ;                 ; --       ; --           ;
; 40       ; 63         ; 1        ; pwr            ; input  ; 3.3-V LVTTL  ;           ; Column I/O ; Y               ; no       ; Off          ;
; 41       ; 64         ; 1        ; trst           ; output ; 3.3-V LVCMOS ;           ; Column I/O ; Y               ; no       ; Off          ;
; 42       ; 65         ; 1        ; RESERVED_INPUT ;        ;              ;           ; Column I/O ;                 ; no       ; Off          ;
; 43       ; 66         ; 1        ; RESERVED_INPUT ;        ;              ;           ; Column I/O ;                 ; no       ; Off          ;
; 44       ; 67         ; 1        ; RESERVED_INPUT ;        ;              ;           ; Column I/O ;                 ; no       ; Off          ;
; 45       ;            ; 1        ; VCCIO1         ; power  ;              ; 3.3V      ; --         ;                 ; --       ; --           ;
; 46       ;            ;          ; GNDIO          ; gnd    ;              ;           ; --         ;                 ; --       ; --           ;
; 47       ; 71         ; 1        ; tdi            ; output ; 3.3-V LVCMOS ;           ; Column I/O ; Y               ; no       ; Off          ;
; 48       ; 72         ; 1        ; RESERVED_INPUT ;        ;              ;           ; Column I/O ;                 ; no       ; Off          ;
; 49       ; 73         ; 1        ; tms            ; output ; 3.3-V LVCMOS ;           ; Column I/O ; Y               ; no       ; Off          ;
; 50       ; 75         ; 1        ; tdo            ; input  ; 3.3-V LVTTL  ;           ; Column I/O ; Y               ; no       ; Off          ;
; 51       ; 79         ; 1        ; tck            ; output ; 3.3-V LVCMOS ;           ; Column I/O ; Y               ; no       ; Off          ;
; 52       ; 83         ; 2        ; RESERVED_INPUT ;        ;              ;           ; Row I/O    ;                 ; no       ; Off          ;
; 53       ; 84         ; 2        ; RESERVED_INPUT ;        ;              ;           ; Row I/O    ;                 ; no       ; Off          ;
; 54       ; 86         ; 2        ; RESERVED_INPUT ;        ;              ;           ; Row I/O    ;                 ; no       ; Off          ;
; 55       ; 89         ; 2        ; RESERVED_INPUT ;        ;              ;           ; Row I/O    ;                 ; no       ; Off          ;
; 56       ; 91         ; 2        ; RESERVED_INPUT ;        ;              ;           ; Row I/O    ;                 ; no       ; Off          ;
; 57       ; 92         ; 2        ; RESERVED_INPUT ;        ;              ;           ; Row I/O    ;                 ; no       ; Off          ;
; 58       ; 93         ; 2        ; RESERVED_INPUT ;        ;              ;           ; Row I/O    ;                 ; no       ; Off          ;
; 59       ;            ; 2        ; VCCIO2         ; power  ;              ; 3.3V      ; --         ;                 ; --       ; --           ;
; 60       ;            ;          ; GNDIO          ; gnd    ;              ;           ; --         ;                 ; --       ; --           ;
; 61       ; 98         ; 2        ; RESERVED_INPUT ;        ;              ;           ; Row I/O    ;                 ; no       ; Off          ;
; 62       ; 101        ; 2        ; RESERVED_INPUT ;        ;              ;           ; Row I/O    ;                 ; no       ; Off          ;
; 63       ;            ;          ; VCCINT         ; power  ;              ; 2.5V/3.3V ; --         ;                 ; --       ; --           ;
; 64       ; 102        ; 2        ; RESERVED_INPUT ;        ;              ;           ; Row I/O    ;                 ; no       ; Off          ;
; 65       ;            ;          ; GNDINT         ; gnd    ;              ;           ; --         ;                 ; --       ; --           ;
; 66       ; 103        ; 2        ; RESERVED_INPUT ;        ;              ;           ; Row I/O    ;                 ; no       ; Off          ;
; 67       ; 104        ; 2        ; RESERVED_INPUT ;        ;              ;           ; Row I/O    ;                 ; no       ; Off          ;
; 68       ; 105        ; 2        ; RESERVED_INPUT ;        ;              ;           ; Row I/O    ;                 ; no       ; Off          ;
; 69       ; 111        ; 2        ; RESERVED_INPUT ;        ;              ;           ; Row I/O    ;                 ; no       ; Off          ;
; 70       ; 112        ; 2        ; RESERVED_INPUT ;        ;              ;           ; Row I/O    ;                 ; no       ; Off          ;
; 71       ; 115        ; 2        ; RESERVED_INPUT ;        ;              ;           ; Row I/O    ;                 ; no       ; Off          ;
; 72       ; 116        ; 2        ; RESERVED_INPUT ;        ;              ;           ; Row I/O    ;                 ; no       ; Off          ;
; 73       ; 118        ; 2        ; RESERVED_INPUT ;        ;              ;           ; Row I/O    ;                 ; no       ; Off          ;
; 74       ; 120        ; 2        ; RESERVED_INPUT ;        ;              ;           ; Row I/O    ;                 ; no       ; Off          ;
; 75       ; 122        ; 2        ; RESERVED_INPUT ;        ;              ;           ; Row I/O    ;                 ; no       ; Off          ;
; 76       ; 125        ; 2        ; RESERVED_INPUT ;        ;              ;           ; Column I/O ;                 ; no       ; Off          ;
; 77       ; 126        ; 2        ; RESERVED_INPUT ;        ;              ;           ; Column I/O ;                 ; no       ; Off          ;
; 78       ; 127        ; 2        ; RESERVED_INPUT ;        ;              ;           ; Column I/O ;                 ; no       ; Off          ;
; 79       ;            ;          ; GNDIO          ; gnd    ;              ;           ; --         ;                 ; --       ; --           ;
; 80       ;            ; 2        ; VCCIO2         ; power  ;              ; 3.3V      ; --         ;                 ; --       ; --           ;
; 81       ; 135        ; 2        ; RESERVED_INPUT ;        ;              ;           ; Column I/O ;                 ; no       ; Off          ;
; 82       ; 136        ; 2        ; RESERVED_INPUT ;        ;              ;           ; Column I/O ;                 ; no       ; Off          ;
; 83       ; 139        ; 2        ; RESERVED_INPUT ;        ;              ;           ; Column I/O ;                 ; no       ; Off          ;
; 84       ; 140        ; 2        ; RESERVED_INPUT ;        ;              ;           ; Column I/O ;                 ; no       ; Off          ;
; 85       ; 141        ; 2        ; RESERVED_INPUT ;        ;              ;           ; Column I/O ;                 ; no       ; Off          ;
; 86       ; 142        ; 2        ; RESERVED_INPUT ;        ;              ;           ; Column I/O ;                 ; no       ; Off          ;
; 87       ; 143        ; 2        ; RESERVED_INPUT ;        ;              ;           ; Column I/O ;                 ; no       ; Off          ;
; 88       ;            ;          ; VCCINT         ; power  ;              ; 2.5V/3.3V ; --         ;                 ; --       ; --           ;
; 89       ; 144        ; 2        ; RESERVED_INPUT ;        ;              ;           ; Column I/O ;                 ; no       ; Off          ;
; 90       ;            ;          ; GNDINT         ; gnd    ;              ;           ; --         ;                 ; --       ; --           ;
; 91       ; 149        ; 2        ; RESERVED_INPUT ;        ;              ;           ; Column I/O ;                 ; no       ; Off          ;
; 92       ; 150        ; 2        ; RESERVED_INPUT ;        ;              ;           ; Column I/O ;                 ; no       ; Off          ;
; 93       ;            ;          ; GNDIO          ; gnd    ;              ;           ; --         ;                 ; --       ; --           ;
; 94       ;            ; 2        ; VCCIO2         ; power  ;              ; 3.3V      ; --         ;                 ; --       ; --           ;
; 95       ; 151        ; 2        ; RESERVED_INPUT ;        ;              ;           ; Column I/O ;                 ; no       ; Off          ;
; 96       ; 152        ; 2        ; RESERVED_INPUT ;        ;              ;           ; Column I/O ;                 ; no       ; Off          ;
; 97       ; 153        ; 2        ; RESERVED_INPUT ;        ;              ;           ; Column I/O ;                 ; no       ; Off          ;
; 98       ; 155        ; 2        ; RESERVED_INPUT ;        ;              ;           ; Column I/O ;                 ; no       ; Off          ;
; 99       ; 156        ; 2        ; RESERVED_INPUT ;        ;              ;           ; Column I/O ;                 ; no       ; Off          ;
; 100      ; 158        ; 2        ; RESERVED_INPUT ;        ;              ;           ; Column I/O ;                 ; no       ; Off          ;
+----------+------------+----------+----------------+--------+--------------+-----------+------------+-----------------+----------+--------------+
Note: Pin directions (input, output or bidir) are based on device operating in user mode.


+-------------------------------------------------------------+
; Output Pin Default Load For Reported TCO                    ;
+----------------------------+-------+------------------------+
; I/O Standard               ; Load  ; Termination Resistance ;
+----------------------------+-------+------------------------+
; 3.3-V LVTTL                ; 10 pF ; Not Available          ;
; 3.3-V LVCMOS               ; 10 pF ; Not Available          ;
; 2.5 V                      ; 10 pF ; Not Available          ;
; 1.8 V                      ; 10 pF ; Not Available          ;
; 1.5 V                      ; 10 pF ; Not Available          ;
; 3.3V Schmitt Trigger Input ; 10 pF ; Not Available          ;
; 2.5V Schmitt Trigger Input ; 10 pF ; Not Available          ;
+----------------------------+-------+------------------------+
Note: User assignments will override these defaults. The user specified values are listed in the Output Pins and Bidir Pins tables.


+-----------------------------------------------------------------------------------------------------------------------------------------------------------------------------------------------------------------------------+
; Fitter Resource Utilization by Entity                                                                                                                                                                                       ;
+----------------------------+-------------+--------------+------------+------+--------------+--------------+-------------------+------------------+-----------------+------------+----------------------------+--------------+
; Compilation Hierarchy Node ; Logic Cells ; LC Registers ; UFM Blocks ; Pins ; Virtual Pins ; LUT-Only LCs ; Register-Only LCs ; LUT/Register LCs ; Carry Chain LCs ; Packed LCs ; Full Hierarchy Name        ; Library Name ;
+----------------------------+-------------+--------------+------------+------+--------------+--------------+-------------------+------------------+-----------------+------------+----------------------------+--------------+
; |Open_JTAG                 ; 341 (1)     ; 85           ; 0          ; 24   ; 0            ; 256 (1)      ; 16 (0)            ; 69 (0)           ; 18 (0)          ; 4 (0)      ; |Open_JTAG                 ; work         ;
;    |clock_mux:inst1|       ; 17 (17)     ; 14           ; 0          ; 0    ; 0            ; 3 (3)        ; 3 (3)             ; 11 (11)          ; 6 (6)           ; 4 (4)      ; |Open_JTAG|clock_mux:inst1 ; work         ;
;    |serializer:inst|       ; 323 (323)   ; 71           ; 0          ; 0    ; 0            ; 252 (252)    ; 13 (13)           ; 58 (58)          ; 12 (12)         ; 0 (0)      ; |Open_JTAG|serializer:inst ; work         ;
+----------------------------+-------------+--------------+------------+------+--------------+--------------+-------------------+------------------+-----------------+------------+----------------------------+--------------+
Note: For table entries with two numbers listed, the numbers in parentheses indicate the number of resources of the given type used by the specific entity alone. The numbers listed outside of parentheses indicate the total resources of the given type used by the specific entity and all of its sub-entities in the hierarchy.


+----------------------------------+
; Delay Chain Summary              ;
+-------+----------+---------------+
; Name  ; Pin Type ; Pad to Core 0 ;
+-------+----------+---------------+
; rst   ; Input    ; (1)           ;
; clk   ; Input    ; (1)           ;
; txe   ; Input    ; (1)           ;
; rxf   ; Input    ; (1)           ;
; pwr   ; Input    ; (1)           ;
; tdo   ; Input    ; (1)           ;
; tck   ; Output   ; --            ;
; wr    ; Output   ; --            ;
; rd    ; Output   ; --            ;
; tdi   ; Output   ; --            ;
; trst  ; Output   ; --            ;
; wcks  ; Output   ; --            ;
; led1  ; Output   ; --            ;
; led2  ; Output   ; --            ;
; test  ; Output   ; --            ;
; tms   ; Output   ; --            ;
; db[7] ; Bidir    ; (1)           ;
; db[6] ; Bidir    ; (1)           ;
; db[5] ; Bidir    ; (1)           ;
; db[4] ; Bidir    ; (1)           ;
; db[3] ; Bidir    ; (1)           ;
; db[2] ; Bidir    ; (1)           ;
; db[1] ; Bidir    ; (1)           ;
; db[0] ; Bidir    ; (1)           ;
+-------+----------+---------------+


+-------------------------------------------------------------------------------------------------------------------------------------------+
; Control Signals                                                                                                                           ;
+----------------------------------+--------------+---------+----------------------------+--------+----------------------+------------------+
; Name                             ; Location     ; Fan-Out ; Usage                      ; Global ; Global Resource Used ; Global Line Name ;
+----------------------------------+--------------+---------+----------------------------+--------+----------------------+------------------+
; clk                              ; PIN_12       ; 14      ; Clock                      ; yes    ; Global Clock         ; GCLK0            ;
; clock_mux:inst1|Equal0~1         ; LC_X8_Y7_N0  ; 14      ; Async. load, Clock enable  ; no     ; --                   ; --               ;
; clock_mux:inst1|wcks             ; LC_X10_Y3_N2 ; 72      ; Clock                      ; yes    ; Global Clock         ; GCLK2            ;
; rst                              ; PIN_21       ; 29      ; Async. clear, Clock enable ; yes    ; Global Clock         ; GCLK3            ;
; serializer:inst|byte_count[7]~10 ; LC_X7_Y7_N3  ; 7       ; Clock enable               ; no     ; --                   ; --               ;
; serializer:inst|cd[1]~0          ; LC_X8_Y7_N4  ; 3       ; Clock enable               ; no     ; --                   ; --               ;
; serializer:inst|db[0]~en         ; LC_X1_Y7_N5  ; 1       ; Output enable              ; no     ; --                   ; --               ;
; serializer:inst|db[1]~en         ; LC_X1_Y7_N3  ; 1       ; Output enable              ; no     ; --                   ; --               ;
; serializer:inst|db[2]~9          ; LC_X9_Y5_N5  ; 16      ; Clock enable               ; no     ; --                   ; --               ;
; serializer:inst|db[2]~en         ; LC_X1_Y7_N6  ; 1       ; Output enable              ; no     ; --                   ; --               ;
; serializer:inst|db[3]~en         ; LC_X1_Y7_N1  ; 1       ; Output enable              ; no     ; --                   ; --               ;
; serializer:inst|db[4]~en         ; LC_X1_Y7_N4  ; 1       ; Output enable              ; no     ; --                   ; --               ;
; serializer:inst|db[5]~en         ; LC_X1_Y7_N7  ; 1       ; Output enable              ; no     ; --                   ; --               ;
; serializer:inst|db[6]~en         ; LC_X1_Y7_N2  ; 1       ; Output enable              ; no     ; --                   ; --               ;
; serializer:inst|db[7]~en         ; LC_X1_Y7_N9  ; 1       ; Output enable              ; no     ; --                   ; --               ;
; serializer:inst|ft_2nd           ; LC_X6_Y6_N7  ; 12      ; Sync. clear                ; no     ; --                   ; --               ;
; serializer:inst|ft_byte[3]~13    ; LC_X10_Y6_N0 ; 5       ; Clock enable               ; no     ; --                   ; --               ;
; serializer:inst|ft_state[2]~5    ; LC_X12_Y4_N6 ; 2       ; Clock enable               ; no     ; --                   ; --               ;
; serializer:inst|led1~0           ; LC_X6_Y7_N5  ; 3       ; Clock enable               ; no     ; --                   ; --               ;
; serializer:inst|sm_msb~1         ; LC_X6_Y7_N6  ; 3       ; Clock enable               ; no     ; --                   ; --               ;
; serializer:inst|sm_state[0]      ; LC_X4_Y5_N9  ; 50      ; Sync. clear                ; no     ; --                   ; --               ;
; serializer:inst|sm_state[1]      ; LC_X4_Y5_N1  ; 56      ; Sync. load                 ; no     ; --                   ; --               ;
; serializer:inst|sm_state[2]      ; LC_X12_Y4_N9 ; 69      ; Sync. clear                ; no     ; --                   ; --               ;
; serializer:inst|tap_nstate[3]~3  ; LC_X6_Y7_N7  ; 4       ; Clock enable               ; no     ; --                   ; --               ;
; serializer:inst|tap_state[3]~26  ; LC_X9_Y6_N9  ; 2       ; Clock enable               ; no     ; --                   ; --               ;
; serializer:inst|tdo_in[0]~4      ; LC_X7_Y7_N7  ; 6       ; Clock enable               ; no     ; --                   ; --               ;
; serializer:inst|tdo_in[7]~3      ; LC_X7_Y7_N1  ; 2       ; Clock enable               ; no     ; --                   ; --               ;
+----------------------------------+--------------+---------+----------------------------+--------+----------------------+------------------+


+-----------------------------------------------------------------------------------------+
; Global & Other Fast Signals                                                             ;
+----------------------+--------------+---------+----------------------+------------------+
; Name                 ; Location     ; Fan-Out ; Global Resource Used ; Global Line Name ;
+----------------------+--------------+---------+----------------------+------------------+
; clk                  ; PIN_12       ; 14      ; Global Clock         ; GCLK0            ;
; clock_mux:inst1|wcks ; LC_X10_Y3_N2 ; 72      ; Global Clock         ; GCLK2            ;
; rst                  ; PIN_21       ; 29      ; Global Clock         ; GCLK3            ;
+----------------------+--------------+---------+----------------------+------------------+


+--------------------------------------------+
; Non-Global High Fan-Out Signals            ;
+----------------------------------+---------+
; Name                             ; Fan-Out ;
+----------------------------------+---------+
; serializer:inst|sm_state[2]      ; 69      ;
; serializer:inst|sm_state[1]      ; 56      ;
; serializer:inst|sm_state[0]      ; 50      ;
; serializer:inst|sm_state[3]      ; 39      ;
; serializer:inst|sm_state[4]      ; 39      ;
; serializer:inst|tap_state[2]     ; 34      ;
; serializer:inst|tap_state[0]     ; 33      ;
; serializer:inst|tap_state[1]     ; 32      ;
; serializer:inst|tap_state[3]     ; 27      ;
; serializer:inst|ft_byte[0]       ; 25      ;
; serializer:inst|ft_byte[2]       ; 20      ;
; serializer:inst|db[2]~9          ; 16      ;
; serializer:inst|ft_byte[1]       ; 16      ;
; serializer:inst|sm_msb           ; 15      ;
; serializer:inst|ft_byte[6]       ; 14      ;
; clock_mux:inst1|Equal0~1         ; 14      ;
; serializer:inst|tap_pos          ; 14      ;
; serializer:inst|Equal21~2        ; 13      ;
; serializer:inst|ft_2nd           ; 13      ;
; serializer:inst|ft_byte[4]       ; 12      ;
; serializer:inst|ft_byte[5]       ; 12      ;
; serializer:inst|ft_byte[3]       ; 12      ;
; serializer:inst|ft_byte[7]       ; 12      ;
; serializer:inst|ft_byte[4]~10    ; 10      ;
; serializer:inst|sm_tms           ; 10      ;
; serializer:inst|tap_nstate[3]    ; 9       ;
; serializer:inst|Mux1~2           ; 8       ;
; serializer:inst|Equal0~2         ; 8       ;
; serializer:inst|byte_count[7]~10 ; 7       ;
; serializer:inst|Equal15~3        ; 7       ;
; serializer:inst|Mux1~1           ; 7       ;
; serializer:inst|tap_nstate[1]    ; 7       ;
; serializer:inst|tap_nstate[2]    ; 7       ;
; serializer:inst|tdo_in[0]~4      ; 6       ;
; serializer:inst|tap_state[2]~0   ; 6       ;
; serializer:inst|Equal1~2         ; 6       ;
; serializer:inst|rd_wr~0          ; 6       ;
; serializer:inst|cd[0]            ; 6       ;
; serializer:inst|byte_count[0]    ; 6       ;
; serializer:inst|ft_state[0]      ; 6       ;
; serializer:inst|tap_nstate[0]    ; 6       ;
; serializer:inst|ft_byte[3]~13    ; 5       ;
; serializer:inst|tap_state[2]~2   ; 5       ;
; serializer:inst|Mux112~0         ; 5       ;
; serializer:inst|Equal20~0        ; 5       ;
; serializer:inst|cd[1]            ; 5       ;
; serializer:inst|Equal21~1        ; 5       ;
; serializer:inst|Equal21~0        ; 5       ;
; serializer:inst|ft_state[1]      ; 5       ;
; serializer:inst|byte_count[3]~17 ; 4       ;
+----------------------------------+---------+


+---------------------------------------------------+
; Interconnect Usage Summary                        ;
+----------------------------+----------------------+
; Interconnect Resource Type ; Usage                ;
+----------------------------+----------------------+
; C4s                        ; 239 / 1,624 ( 15 % ) ;
; Direct links               ; 48 / 1,930 ( 2 % )   ;
; Global clocks              ; 3 / 4 ( 75 % )       ;
; LAB clocks                 ; 21 / 56 ( 38 % )     ;
; LUT chains                 ; 26 / 513 ( 5 % )     ;
; Local interconnects        ; 505 / 1,930 ( 26 % ) ;
; R4s                        ; 367 / 1,472 ( 25 % ) ;
+----------------------------+----------------------+


+---------------------------------------------------------------------------+
; LAB Logic Elements                                                        ;
+--------------------------------------------+------------------------------+
; Number of Logic Elements  (Average = 8.97) ; Number of LABs  (Total = 38) ;
+--------------------------------------------+------------------------------+
; 1                                          ; 1                            ;
; 2                                          ; 0                            ;
; 3                                          ; 0                            ;
; 4                                          ; 0                            ;
; 5                                          ; 0                            ;
; 6                                          ; 1                            ;
; 7                                          ; 2                            ;
; 8                                          ; 4                            ;
; 9                                          ; 12                           ;
; 10                                         ; 18                           ;
+--------------------------------------------+------------------------------+


+-------------------------------------------------------------------+
; LAB-wide Signals                                                  ;
+------------------------------------+------------------------------+
; LAB-wide Signals  (Average = 1.39) ; Number of LABs  (Total = 38) ;
+------------------------------------+------------------------------+
; 1 Async. clear                     ; 7                            ;
; 1 Async. load                      ; 1                            ;
; 1 Clock                            ; 24                           ;
; 1 Clock enable                     ; 13                           ;
; 1 Sync. clear                      ; 3                            ;
; 1 Sync. load                       ; 3                            ;
; 2 Clock enables                    ; 1                            ;
; 2 Clocks                           ; 1                            ;
+------------------------------------+------------------------------+


+----------------------------------------------------------------------------+
; LAB Signals Sourced                                                        ;
+---------------------------------------------+------------------------------+
; Number of Signals Sourced  (Average = 8.97) ; Number of LABs  (Total = 38) ;
+---------------------------------------------+------------------------------+
; 0                                           ; 0                            ;
; 1                                           ; 1                            ;
; 2                                           ; 0                            ;
; 3                                           ; 0                            ;
; 4                                           ; 0                            ;
; 5                                           ; 0                            ;
; 6                                           ; 1                            ;
; 7                                           ; 2                            ;
; 8                                           ; 4                            ;
; 9                                           ; 12                           ;
; 10                                          ; 18                           ;
+---------------------------------------------+------------------------------+


+--------------------------------------------------------------------------------+
; LAB Signals Sourced Out                                                        ;
+-------------------------------------------------+------------------------------+
; Number of Signals Sourced Out  (Average = 5.18) ; Number of LABs  (Total = 38) ;
+-------------------------------------------------+------------------------------+
; 0                                               ; 0                            ;
; 1                                               ; 2                            ;
; 2                                               ; 2                            ;
; 3                                               ; 3                            ;
; 4                                               ; 8                            ;
; 5                                               ; 8                            ;
; 6                                               ; 5                            ;
; 7                                               ; 4                            ;
; 8                                               ; 3                            ;
; 9                                               ; 2                            ;
; 10                                              ; 1                            ;
+-------------------------------------------------+------------------------------+


+-----------------------------------------------------------------------------+
; LAB Distinct Inputs                                                         ;
+----------------------------------------------+------------------------------+
; Number of Distinct Inputs  (Average = 12.18) ; Number of LABs  (Total = 38) ;
+----------------------------------------------+------------------------------+
; 0                                            ; 0                            ;
; 1                                            ; 0                            ;
; 2                                            ; 0                            ;
; 3                                            ; 1                            ;
; 4                                            ; 1                            ;
; 5                                            ; 2                            ;
; 6                                            ; 0                            ;
; 7                                            ; 1                            ;
; 8                                            ; 1                            ;
; 9                                            ; 4                            ;
; 10                                           ; 1                            ;
; 11                                           ; 5                            ;
; 12                                           ; 5                            ;
; 13                                           ; 5                            ;
; 14                                           ; 3                            ;
; 15                                           ; 1                            ;
; 16                                           ; 2                            ;
; 17                                           ; 1                            ;
; 18                                           ; 2                            ;
; 19                                           ; 0                            ;
; 20                                           ; 1                            ;
; 21                                           ; 1                            ;
; 22                                           ; 1                            ;
+----------------------------------------------+------------------------------+


+--------------------------------------------------------------------+
; Fitter Device Options                                              ;
+----------------------------------------------+---------------------+
; Option                                       ; Setting             ;
+----------------------------------------------+---------------------+
; Enable user-supplied start-up clock (CLKUSR) ; Off                 ;
; Enable device-wide reset (DEV_CLRn)          ; Off                 ;
; Enable device-wide output enable (DEV_OE)    ; Off                 ;
; Enable INIT_DONE output                      ; Off                 ;
; Configuration scheme                         ; Passive Serial      ;
; Reserve all unused pins                      ; As input tri-stated ;
; Base pin-out file on sameframe device        ; Off                 ;
+----------------------------------------------+---------------------+


+------------------------------------------------------------+
; Estimated Delay Added for Hold Timing                      ;
+-----------------+----------------------+-------------------+
; Source Clock(s) ; Destination Clock(s) ; Delay Added in ns ;
+-----------------+----------------------+-------------------+


+-----------------+
; Fitter Messages ;
+-----------------+
Info: *******************************************************************
Info: Running Quartus II Fitter
    Info: Version 9.1 Build 350 03/24/2010 Service Pack 2 SJ Web Edition
    Info: Processing started: Sun Jan 09 12:40:57 2011
Info: Command: quartus_fit --read_settings_files=off --write_settings_files=off Open_JTAG -c Open_JTAG
Info: Selected device EPM570T100C5 for design "Open_JTAG"
Info: Low junction temperature is 0 degrees C
Info: High junction temperature is 85 degrees C
Info: Fitter is performing an Auto Fit compilation, which may decrease Fitter effort to reduce compilation time
Info: Device migration not selected. If you intend to use device migration later, you may need to change the pin assignments as they may be incompatible with other devices
    Info: Device EPM240T100C5 is compatible
    Info: Device EPM240T100I5 is compatible
    Info: Device EPM240T100A5 is compatible
    Info: Device EPM570T100I5 is compatible
    Info: Device EPM570T100A5 is compatible
Info: Timing-driven compilation is using the Classic Timing Analyzer
Info: Detected fmax, tsu, tco, and/or tpd requirements -- optimizing circuit to achieve only the specified requirements
Extra Info: Performing register packing on registers with non-logic cell location assignments
Extra Info: Completed register packing on registers with non-logic cell location assignments
Info: Completed User Assigned Global Signals Promotion Operation
Info: Automatically promoted some destinations of signal "clk" to use Global clock in PIN 12
    Info: Destination "clock_mux:inst1|wcks" may be non-global or may not use global clock
Info: Automatically promoted some destinations of signal "clock_mux:inst1|wcks" to use Global clock
    Info: Destination "wcks" may be non-global or may not use global clock
Info: Automatically promoted some destinations of signal "rst" to use Global clock
    Info: Destination "serializer:inst|tap_ok" may be non-global or may not use global clock
    Info: Destination "serializer:inst|tap_state[1]" may be non-global or may not use global clock
    Info: Destination "serializer:inst|tap_state[0]" may be non-global or may not use global clock
    Info: Destination "serializer:inst|tap_pos" may be non-global or may not use global clock
    Info: Destination "serializer:inst|wr~0" may be non-global or may not use global clock
    Info: Destination "serializer:inst|rd~0" may be non-global or may not use global clock
    Info: Destination "serializer:inst|byte_count[4]" may be non-global or may not use global clock
    Info: Destination "serializer:inst|sm_msb~1" may be non-global or may not use global clock
    Info: Destination "serializer:inst|tap_state[3]~26" may be non-global or may not use global clock
    Info: Destination "serializer:inst|tap_nstate[3]~2" may be non-global or may not use global clock
    Info: Limited to 10 non-global destinations
Info: Pin "rst" drives global clock, but is not placed in a dedicated clock pin position
Info: Completed Auto Global Promotion Operation
Info: Starting register packing
Info: Fitter is using Normal packing mode for logic elements with Auto setting for Auto Packed Registers logic option
Extra Info: Moving registers into LUTs to improve timing and density
Info: Started processing fast register assignments
Info: Finished processing fast register assignments
Extra Info: Finished moving registers into LUTs: elapsed time is 00:00:00
Info: Finished register packing
Info: Fitter preparation operations ending: elapsed time is 00:00:00
Info: Fitter placement preparation operations beginning
Info: Fitter placement preparation operations ending: elapsed time is 00:00:01
Info: Fitter placement operations beginning
Info: Fitter placement was successful
Info: Fitter placement operations ending: elapsed time is 00:00:00
Info: Estimated most critical path is register to register delay of 15.297 ns
    Info: 1: + IC(0.000 ns) + CELL(0.000 ns) = 0.000 ns; Loc. = LAB_X1_Y4; Fanout = 8; REG Node = 'serializer:inst|byte_count[0]'
    Info: 2: + IC(2.804 ns) + CELL(0.200 ns) = 3.004 ns; Loc. = LAB_X7_Y4; Fanout = 13; COMB Node = 'serializer:inst|Equal21~2'
    Info: 3: + IC(1.503 ns) + CELL(0.740 ns) = 5.247 ns; Loc. = LAB_X4_Y4; Fanout = 5; COMB Node = 'serializer:inst|tap_state[2]~2'
    Info: 4: + IC(1.071 ns) + CELL(0.511 ns) = 6.829 ns; Loc. = LAB_X3_Y4; Fanout = 4; COMB Node = 'serializer:inst|tap_state[2]~4'
    Info: 5: + IC(0.983 ns) + CELL(0.200 ns) = 8.012 ns; Loc. = LAB_X3_Y4; Fanout = 2; COMB Node = 'serializer:inst|Mux110~1'
    Info: 6: + IC(1.721 ns) + CELL(0.511 ns) = 10.244 ns; Loc. = LAB_X5_Y4; Fanout = 2; COMB Node = 'serializer:inst|tap_state[2]~20'
    Info: 7: + IC(0.672 ns) + CELL(0.511 ns) = 11.427 ns; Loc. = LAB_X5_Y4; Fanout = 3; COMB Node = 'serializer:inst|tap_state[2]~21'
    Info: 8: + IC(0.672 ns) + CELL(0.511 ns) = 12.610 ns; Loc. = LAB_X5_Y4; Fanout = 2; COMB Node = 'serializer:inst|Mux110~4'
    Info: 9: + IC(0.269 ns) + CELL(0.914 ns) = 13.793 ns; Loc. = LAB_X5_Y4; Fanout = 1; COMB Node = 'serializer:inst|Mux110~5'
    Info: 10: + IC(0.443 ns) + CELL(1.061 ns) = 15.297 ns; Loc. = LAB_X5_Y4; Fanout = 27; REG Node = 'serializer:inst|tap_state[3]'
    Info: Total cell delay = 5.159 ns ( 33.73 % )
    Info: Total interconnect delay = 10.138 ns ( 66.27 % )
Info: Fitter routing operations beginning
Info: Average interconnect usage is 23% of the available device resources
    Info: Peak interconnect usage is 23% of the available device resources in the region that extends from location X0_Y0 to location X13_Y8
Info: Fitter routing operations ending: elapsed time is 00:00:00
Info: The Fitter performed an Auto Fit compilation.  Optimizations were skipped to reduce compilation time.
    Info: Optimizations that may affect the design's routability were skipped
    Info: Optimizations that may affect the design's timing were skipped
Info: Generated suppressed messages file C:/AlteraWorks/91/NewOpenJtag/Open_JTAG.fit.smsg
Info: Quartus II Fitter was successful. 0 errors, 0 warnings
    Info: Peak virtual memory: 178 megabytes
    Info: Processing ended: Sun Jan 09 12:40:59 2011
    Info: Elapsed time: 00:00:02
    Info: Total CPU time (on all processors): 00:00:02


+----------------------------+
; Fitter Suppressed Messages ;
+----------------------------+
The suppressed messages can be found in C:/AlteraWorks/91/NewOpenJtag/Open_JTAG.fit.smsg.


