Analysis & Synthesis report for Open_JTAG
Sun Jan 09 12:40:56 2011
Quartus II Version 9.1 Build 350 03/24/2010 Service Pack 2 SJ Web Edition


---------------------
; Table of Contents ;
---------------------
  1. Legal Notice
  2. Analysis & Synthesis Summary
  3. Analysis & Synthesis Settings
  4. Parallel Compilation
  5. Analysis & Synthesis Source Files Read
  6. Analysis & Synthesis Resource Usage Summary
  7. Analysis & Synthesis Resource Utilization by Entity
  8. Registers Removed During Synthesis
  9. General Register Statistics
 10. Inverted Register Statistics
 11. Multiplexer Restructuring Statistics (Restructuring Performed)
 12. Analysis & Synthesis Messages



----------------
; Legal Notice ;
----------------
Copyright (C) 1991-2010 Altera Corporation
Your use of Altera Corporation's design tools, logic functions 
and other software and tools, and its AMPP partner logic 
functions, and any output files from any of the foregoing 
(including device programming or simulation files), and any 
associated documentation or information are expressly subject 
to the terms and conditions of the Altera Program License 
Subscription Agreement, Altera MegaCore Function License 
Agreement, or other applicable license agreement, including, 
without limitation, that your use is for the sole purpose of 
programming logic devices manufactured by Altera and sold by 
Altera or its authorized distributors.  Please refer to the 
applicable agreement for further details.



+----------------------------------------------------------------------------+
; Analysis & Synthesis Summary                                               ;
+-----------------------------+----------------------------------------------+
; Analysis & Synthesis Status ; Successful - Sun Jan 09 12:40:56 2011        ;
; Quartus II Version          ; 9.1 Build 350 03/24/2010 SP 2 SJ Web Edition ;
; Revision Name               ; Open_JTAG                                    ;
; Top-level Entity Name       ; Open_JTAG                                    ;
; Family                      ; MAX II                                       ;
; Total logic elements        ; 345                                          ;
; Total pins                  ; 24                                           ;
; Total virtual pins          ; 0                                            ;
; UFM blocks                  ; 0 / 1 ( 0 % )                                ;
+-----------------------------+----------------------------------------------+


+----------------------------------------------------------------------------------------------------------------------+
; Analysis & Synthesis Settings                                                                                        ;
+----------------------------------------------------------------------------+--------------------+--------------------+
; Option                                                                     ; Setting            ; Default Value      ;
+----------------------------------------------------------------------------+--------------------+--------------------+
; Device                                                                     ; EPM570T100C5       ;                    ;
; Top-level entity name                                                      ; Open_JTAG          ; Open_JTAG          ;
; Family name                                                                ; MAX II             ; Stratix II         ;
; Use Generated Physical Constraints File                                    ; Off                ;                    ;
; Use smart compilation                                                      ; Off                ; Off                ;
; Enable parallel Assembler and TimeQuest Timing Analyzer during compilation ; On                 ; On                 ;
; Enable compact report table                                                ; Off                ; Off                ;
; Restructure Multiplexers                                                   ; Auto               ; Auto               ;
; Create Debugging Nodes for IP Cores                                        ; Off                ; Off                ;
; Preserve fewer node names                                                  ; On                 ; On                 ;
; Disable OpenCore Plus hardware evaluation                                  ; Off                ; Off                ;
; Verilog Version                                                            ; Verilog_2001       ; Verilog_2001       ;
; VHDL Version                                                               ; VHDL_1993          ; VHDL_1993          ;
; State Machine Processing                                                   ; Auto               ; Auto               ;
; Safe State Machine                                                         ; Off                ; Off                ;
; Extract Verilog State Machines                                             ; On                 ; On                 ;
; Extract VHDL State Machines                                                ; On                 ; On                 ;
; Ignore Verilog initial constructs                                          ; Off                ; Off                ;
; Iteration limit for constant Verilog loops                                 ; 5000               ; 5000               ;
; Iteration limit for non-constant Verilog loops                             ; 250                ; 250                ;
; Add Pass-Through Logic to Inferred RAMs                                    ; On                 ; On                 ;
; Parallel Synthesis                                                         ; Off                ; Off                ;
; NOT Gate Push-Back                                                         ; On                 ; On                 ;
; Power-Up Don't Care                                                        ; On                 ; On                 ;
; Remove Redundant Logic Cells                                               ; Off                ; Off                ;
; Remove Duplicate Registers                                                 ; On                 ; On                 ;
; Ignore CARRY Buffers                                                       ; Off                ; Off                ;
; Ignore CASCADE Buffers                                                     ; Off                ; Off                ;
; Ignore GLOBAL Buffers                                                      ; Off                ; Off                ;
; Ignore ROW GLOBAL Buffers                                                  ; Off                ; Off                ;
; Ignore LCELL Buffers                                                       ; Off                ; Off                ;
; Ignore SOFT Buffers                                                        ; On                 ; On                 ;
; Limit AHDL Integers to 32 Bits                                             ; Off                ; Off                ;
; Optimization Technique                                                     ; Balanced           ; Balanced           ;
; Carry Chain Length                                                         ; 70                 ; 70                 ;
; Auto Carry Chains                                                          ; On                 ; On                 ;
; Auto Open-Drain Pins                                                       ; On                 ; On                 ;
; Perform WYSIWYG Primitive Resynthesis                                      ; Off                ; Off                ;
; Auto Shift Register Replacement                                            ; Auto               ; Auto               ;
; Auto Clock Enable Replacement                                              ; On                 ; On                 ;
; Allow Synchronous Control Signals                                          ; On                 ; On                 ;
; Force Use of Synchronous Clear Signals                                     ; Off                ; Off                ;
; Auto Resource Sharing                                                      ; Off                ; Off                ;
; Use LogicLock Constraints during Resource Balancing                        ; On                 ; On                 ;
; Ignore translate_off and synthesis_off directives                          ; Off                ; Off                ;
; Show Parameter Settings Tables in Synthesis Report                         ; On                 ; On                 ;
; Ignore Maximum Fan-Out Assignments                                         ; Off                ; Off                ;
; Synchronization Register Chain Length                                      ; 2                  ; 2                  ;
; PowerPlay Power Optimization                                               ; Normal compilation ; Normal compilation ;
; HDL message level                                                          ; Level2             ; Level2             ;
; Suppress Register Optimization Related Messages                            ; Off                ; Off                ;
; Number of Removed Registers Reported in Synthesis Report                   ; 5000               ; 5000               ;
; Number of Inverted Registers Reported in Synthesis Report                  ; 100                ; 100                ;
; Clock MUX Protection                                                       ; On                 ; On                 ;
; Block Design Naming                                                        ; Auto               ; Auto               ;
; Synthesis Effort                                                           ; Auto               ; Auto               ;
; Shift Register Replacement - Allow Asynchronous Clear Signal               ; On                 ; On                 ;
; Analysis & Synthesis Message Level                                         ; Medium             ; Medium             ;
; Disable Register Merging Across Hierarchies                                ; Auto               ; Auto               ;
+----------------------------------------------------------------------------+--------------------+--------------------+


Parallel compilation was disabled, but you have multiple processors available. Enable parallel compilation to reduce compilation time.
+-------------------------------------+
; Parallel Compilation                ;
+----------------------------+--------+
; Processors                 ; Number ;
+----------------------------+--------+
; Number detected on machine ; 4      ;
; Maximum allowed            ; 1      ;
+----------------------------+--------+


+----------------------------------------------------------------------------------------------------------------------------------------+
; Analysis & Synthesis Source Files Read                                                                                                 ;
+----------------------------------+-----------------+------------------------------------+----------------------------------------------+
; File Name with User-Entered Path ; Used in Netlist ; File Type                          ; File Name with Absolute Path                 ;
+----------------------------------+-----------------+------------------------------------+----------------------------------------------+
; clock_mux.vhd                    ; yes             ; User VHDL File                     ; C:/AlteraWorks/91/NewOpenJtag/clock_mux.vhd  ;
; Open_JTAG.bdf                    ; yes             ; User Block Diagram/Schematic File  ; C:/AlteraWorks/91/NewOpenJtag/Open_JTAG.bdf  ;
; serializer.vhd                   ; yes             ; User VHDL File                     ; C:/AlteraWorks/91/NewOpenJtag/serializer.vhd ;
+----------------------------------+-----------------+------------------------------------+----------------------------------------------+


+--------------------------------------------------------------------+
; Analysis & Synthesis Resource Usage Summary                        ;
+---------------------------------------------+----------------------+
; Resource                                    ; Usage                ;
+---------------------------------------------+----------------------+
; Total logic elements                        ; 345                  ;
;     -- Combinational with no register       ; 260                  ;
;     -- Register only                        ; 20                   ;
;     -- Combinational with a register        ; 65                   ;
;                                             ;                      ;
; Logic element usage by number of LUT inputs ;                      ;
;     -- 4 input functions                    ; 209                  ;
;     -- 3 input functions                    ; 57                   ;
;     -- 2 input functions                    ; 42                   ;
;     -- 1 input functions                    ; 16                   ;
;     -- 0 input functions                    ; 1                    ;
;                                             ;                      ;
; Logic elements by mode                      ;                      ;
;     -- normal mode                          ; 330                  ;
;     -- arithmetic mode                      ; 15                   ;
;     -- qfbk mode                            ; 0                    ;
;     -- register cascade mode                ; 0                    ;
;     -- synchronous clear/load mode          ; 16                   ;
;     -- asynchronous clear/load mode         ; 15                   ;
;                                             ;                      ;
; Total registers                             ; 85                   ;
; Total logic cells in carry chains           ; 18                   ;
; I/O pins                                    ; 24                   ;
; Maximum fan-out node                        ; clock_mux:inst1|wcks ;
; Maximum fan-out                             ; 72                   ;
; Total fan-out                               ; 1343                 ;
; Average fan-out                             ; 3.64                 ;
+---------------------------------------------+----------------------+


+-----------------------------------------------------------------------------------------------------------------------------------------------------------------------------------------------------------------------------+
; Analysis & Synthesis Resource Utilization by Entity                                                                                                                                                                         ;
+----------------------------+-------------+--------------+------------+------+--------------+--------------+-------------------+------------------+-----------------+------------+----------------------------+--------------+
; Compilation Hierarchy Node ; Logic Cells ; LC Registers ; UFM Blocks ; Pins ; Virtual Pins ; LUT-Only LCs ; Register-Only LCs ; LUT/Register LCs ; Carry Chain LCs ; Packed LCs ; Full Hierarchy Name        ; Library Name ;
+----------------------------+-------------+--------------+------------+------+--------------+--------------+-------------------+------------------+-----------------+------------+----------------------------+--------------+
; |Open_JTAG                 ; 345 (1)     ; 85           ; 0          ; 24   ; 0            ; 260 (1)      ; 20 (0)            ; 65 (0)           ; 18 (0)          ; 0 (0)      ; |Open_JTAG                 ; work         ;
;    |clock_mux:inst1|       ; 21 (21)     ; 14           ; 0          ; 0    ; 0            ; 7 (7)        ; 7 (7)             ; 7 (7)            ; 6 (6)           ; 0 (0)      ; |Open_JTAG|clock_mux:inst1 ; work         ;
;    |serializer:inst|       ; 323 (323)   ; 71           ; 0          ; 0    ; 0            ; 252 (252)    ; 13 (13)           ; 58 (58)          ; 12 (12)         ; 0 (0)      ; |Open_JTAG|serializer:inst ; work         ;
+----------------------------+-------------+--------------+------------+------+--------------+--------------+-------------------+------------------+-----------------+------------+----------------------------+--------------+
Note: For table entries with two numbers listed, the numbers in parentheses indicate the number of resources of the given type used by the specific entity alone. The numbers listed outside of parentheses indicate the total resources of the given type used by the specific entity and all of its sub-entities in the hierarchy.


+--------------------------------------------------------------------------------+
; Registers Removed During Synthesis                                             ;
+---------------------------------------+----------------------------------------+
; Register name                         ; Reason for Removal                     ;
+---------------------------------------+----------------------------------------+
; clock_mux:inst1|cclk[0]               ; Merged with clock_mux:inst1|count[0]   ;
; serializer:inst|test                  ; Merged with serializer:inst|rd         ;
; serializer:inst|ft_state[2]           ; Stuck at GND due to stuck port data_in ;
; Total Number of Removed Registers = 3 ;                                        ;
+---------------------------------------+----------------------------------------+


+------------------------------------------------------+
; General Register Statistics                          ;
+----------------------------------------------+-------+
; Statistic                                    ; Value ;
+----------------------------------------------+-------+
; Total registers                              ; 85    ;
; Number of registers using Synchronous Clear  ; 11    ;
; Number of registers using Synchronous Load   ; 7     ;
; Number of registers using Asynchronous Clear ; 14    ;
; Number of registers using Asynchronous Load  ; 1     ;
; Number of registers using Clock Enable       ; 66    ;
; Number of registers using Preset             ; 0     ;
+----------------------------------------------+-------+


+--------------------------------------------------+
; Inverted Register Statistics                     ;
+----------------------------------------+---------+
; Inverted Register                      ; Fan out ;
+----------------------------------------+---------+
; serializer:inst|rd                     ; 3       ;
; serializer:inst|trst                   ; 2       ;
; serializer:inst|led1                   ; 1       ;
; serializer:inst|led2                   ; 1       ;
; serializer:inst|tap_ok                 ; 3       ;
; serializer:inst|cd[1]                  ; 5       ;
; serializer:inst|cd[0]                  ; 6       ;
; serializer:inst|cd[2]                  ; 2       ;
; Total number of inverted registers = 8 ;         ;
+----------------------------------------+---------+


+--------------------------------------------------------------------------------------------------------------------------------------------------------+
; Multiplexer Restructuring Statistics (Restructuring Performed)                                                                                         ;
+--------------------+-----------+---------------+----------------------+------------------------+------------+------------------------------------------+
; Multiplexer Inputs ; Bus Width ; Baseline Area ; Area if Restructured ; Saving if Restructured ; Registered ; Example Multiplexer Output               ;
+--------------------+-----------+---------------+----------------------+------------------------+------------+------------------------------------------+
; 20:1               ; 6 bits    ; 78 LEs        ; 12 LEs               ; 66 LEs                 ; Yes        ; |Open_JTAG|serializer:inst|tdo_in[0]     ;
; 35:1               ; 4 bits    ; 92 LEs        ; 8 LEs                ; 84 LEs                 ; Yes        ; |Open_JTAG|serializer:inst|tap_nstate[3] ;
; 14:1               ; 2 bits    ; 18 LEs        ; 4 LEs                ; 14 LEs                 ; Yes        ; |Open_JTAG|serializer:inst|tdo_in[7]     ;
; 23:1               ; 5 bits    ; 75 LEs        ; 15 LEs               ; 60 LEs                 ; Yes        ; |Open_JTAG|serializer:inst|ft_byte[4]    ;
; 47:1               ; 3 bits    ; 93 LEs        ; 3 LEs                ; 90 LEs                 ; Yes        ; |Open_JTAG|serializer:inst|byte_count[5] ;
; 47:1               ; 4 bits    ; 124 LEs       ; 8 LEs                ; 116 LEs                ; Yes        ; |Open_JTAG|serializer:inst|byte_count[3] ;
; 57:1               ; 3 bits    ; 114 LEs       ; 24 LEs               ; 90 LEs                 ; Yes        ; |Open_JTAG|serializer:inst|ft_state[2]   ;
; 24:1               ; 2 bits    ; 32 LEs        ; 10 LEs               ; 22 LEs                 ; Yes        ; |Open_JTAG|serializer:inst|tap_state[2]  ;
; 4:1                ; 2 bits    ; 4 LEs         ; 0 LEs                ; 4 LEs                  ; Yes        ; |Open_JTAG|serializer:inst|led2          ;
; 4:1                ; 3 bits    ; 6 LEs         ; 0 LEs                ; 6 LEs                  ; Yes        ; |Open_JTAG|serializer:inst|cd[1]         ;
; 1:1                ; 6 bits    ; 0 LEs         ; 0 LEs                ; 0 LEs                  ; Yes        ; |Open_JTAG|serializer:inst|db[4]~reg0    ;
; 1:1                ; 2 bits    ; 0 LEs         ; 0 LEs                ; 0 LEs                  ; Yes        ; |Open_JTAG|serializer:inst|db[6]~reg0    ;
+--------------------+-----------+---------------+----------------------+------------------------+------------+------------------------------------------+


+-------------------------------+
; Analysis & Synthesis Messages ;
+-------------------------------+
Info: *******************************************************************
Info: Running Quartus II Analysis & Synthesis
    Info: Version 9.1 Build 350 03/24/2010 Service Pack 2 SJ Web Edition
    Info: Processing started: Sun Jan 09 12:40:50 2011
Info: Command: quartus_map --read_settings_files=on --write_settings_files=off Open_JTAG -c Open_JTAG
Info: Found 2 design units, including 1 entities, in source file clock_mux.vhd
    Info: Found design unit 1: clock_mux-rtl
    Info: Found entity 1: clock_mux
Info: Found 1 design units, including 1 entities, in source file open_jtag.bdf
    Info: Found entity 1: Open_JTAG
Info: Found 2 design units, including 1 entities, in source file serializer.vhd
    Info: Found design unit 1: serializer-behavioural
    Info: Found entity 1: serializer
Info: Elaborating entity "Open_JTAG" for the top level hierarchy
Info: Elaborating entity "serializer" for hierarchy "serializer:inst"
Warning (10036): Verilog HDL or VHDL warning at serializer.vhd(60): object "ad_clock" assigned a value but never read
Info: Elaborating entity "clock_mux" for hierarchy "clock_mux:inst1"
Info: Registers with preset signals will power-up high
Info: Implemented 369 device resources after synthesis - the final resource count might be different
    Info: Implemented 6 input pins
    Info: Implemented 10 output pins
    Info: Implemented 8 bidirectional pins
    Info: Implemented 345 logic cells
Info: Quartus II Analysis & Synthesis was successful. 0 errors, 1 warning
    Info: Peak virtual memory: 187 megabytes
    Info: Processing ended: Sun Jan 09 12:40:56 2011
    Info: Elapsed time: 00:00:06
    Info: Total CPU time (on all processors): 00:00:06


